::1 - - [11/Dec/2025:10:48:27 +0300] "GET / HTTP/1.1" 200 20
::1 - - [11/Dec/2025:10:48:27 +0300] "GET /favicon.ico HTTP/1.1" 404 196
::1 - - [11/Dec/2025:10:48:38 +0300] "GET / HTTP/1.1" 200 20
::1 - - [11/Dec/2025:10:49:14 +0300] "GET / HTTP/1.1" 200 20
::1 - - [11/Dec/2025:10:49:15 +0300] "GET / HTTP/1.1" 200 20
::1 - - [11/Dec/2025:10:49:32 +0300] "GET /index.php HTTP/1.1" 200 20
::1 - - [11/Dec/2025:10:50:32 +0300] "-" 408 -
::1 - - [11/Dec/2025:10:52:29 +0300] "GET / HTTP/1.1" 200 20
::1 - - [11/Dec/2025:10:52:31 +0300] "GET / HTTP/1.1" 200 20
::1 - - [11/Dec/2025:10:52:32 +0300] "GET / HTTP/1.1" 200 20
::1 - - [11/Dec/2025:10:53:29 +0300] "-" 408 -
127.0.0.1 - - [11/Dec/2025:10:56:23 +0300] "GET / HTTP/1.1" 200 49
127.0.0.1 - - [11/Dec/2025:10:56:24 +0300] "GET / HTTP/1.1" 200 49
127.0.0.1 - - [11/Dec/2025:10:56:25 +0300] "GET / HTTP/1.1" 200 49
::1 - - [11/Dec/2025:10:56:55 +0300] "GET / HTTP/1.1" 200 58
::1 - - [11/Dec/2025:10:57:55 +0300] "-" 408 -
::1 - - [11/Dec/2025:11:07:21 +0300] "GET / HTTP/1.1" 200 58
::1 - - [11/Dec/2025:11:07:23 +0300] "GET / HTTP/1.1" 200 58
::1 - - [11/Dec/2025:11:08:21 +0300] "-" 408 -
::1 - - [11/Dec/2025:11:09:45 +0300] "GET / HTTP/1.1" 200 58
::1 - - [11/Dec/2025:11:09:46 +0300] "GET / HTTP/1.1" 200 58
::1 - - [11/Dec/2025:11:09:46 +0300] "GET / HTTP/1.1" 200 58
::1 - - [11/Dec/2025:11:09:46 +0300] "GET / HTTP/1.1" 200 58
::1 - - [11/Dec/2025:11:09:46 +0300] "GET / HTTP/1.1" 200 58
::1 - - [11/Dec/2025:11:10:26 +0300] "GET / HTTP/1.1" 200 58
::1 - - [11/Dec/2025:11:10:27 +0300] "GET / HTTP/1.1" 200 58
::1 - - [11/Dec/2025:11:10:27 +0300] "GET / HTTP/1.1" 200 58
::1 - - [11/Dec/2025:11:10:28 +0300] "GET / HTTP/1.1" 200 58
::1 - - [11/Dec/2025:11:10:42 +0300] "GET / HTTP/1.1" 200 58
::1 - - [11/Dec/2025:11:10:42 +0300] "GET / HTTP/1.1" 200 58
::1 - - [11/Dec/2025:11:11:10 +0300] "GET / HTTP/1.1" 200 72694
::1 - - [11/Dec/2025:11:12:10 +0300] "-" 408 -
::1 - - [11/Dec/2025:11:20:58 +0300] "GET / HTTP/1.1" 302 264
::1 - - [11/Dec/2025:11:20:58 +0300] "GET /auth.html HTTP/1.1" 200 423
::1 - - [11/Dec/2025:11:21:22 +0300] "POST /check.php HTTP/1.1" 302 -
::1 - - [11/Dec/2025:11:21:22 +0300] "GET /profile.php HTTP/1.1" 200 268
::1 - - [11/Dec/2025:11:22:22 +0300] "-" 408 -
::1 - - [11/Dec/2025:11:22:26 +0300] "GET /profile.php HTTP/1.1" 200 126
::1 - - [11/Dec/2025:11:22:29 +0300] "GET / HTTP/1.1" 302 124
::1 - - [11/Dec/2025:11:22:29 +0300] "GET /auth.html HTTP/1.1" 304 -
::1 - - [11/Dec/2025:11:22:40 +0300] "POST /check.php HTTP/1.1" 302 -
::1 - - [11/Dec/2025:11:22:40 +0300] "GET /profile.php HTTP/1.1" 200 132
::1 - - [11/Dec/2025:11:23:32 +0300] "GET / HTTP/1.1" 302 -
::1 - - [11/Dec/2025:11:23:32 +0300] "GET /profile.php HTTP/1.1" 200 132
::1 - - [11/Dec/2025:11:23:36 +0300] "GET / HTTP/1.1" 302 -
::1 - - [11/Dec/2025:11:23:36 +0300] "GET /profile.php HTTP/1.1" 200 132
::1 - - [11/Dec/2025:11:23:56 +0300] "GET / HTTP/1.1" 302 -
::1 - - [11/Dec/2025:11:23:56 +0300] "GET /profile.php HTTP/1.1" 200 132
::1 - - [11/Dec/2025:11:24:17 +0300] "GET / HTTP/1.1" 302 -
::1 - - [11/Dec/2025:11:24:17 +0300] "GET /profile.php HTTP/1.1" 200 132
::1 - - [11/Dec/2025:11:25:44 +0300] "GET / HTTP/1.1" 200 41
::1 - - [11/Dec/2025:11:26:03 +0300] "GET / HTTP/1.1" 302 -
::1 - - [11/Dec/2025:11:26:03 +0300] "GET /profile.php HTTP/1.1" 200 132
::1 - - [11/Dec/2025:11:26:54 +0300] "GET /profile.php HTTP/1.1" 200 132
::1 - - [11/Dec/2025:11:27:05 +0300] "GET / HTTP/1.1" 302 -
::1 - - [11/Dec/2025:11:27:05 +0300] "GET /profile.php HTTP/1.1" 200 132
::1 - - [11/Dec/2025:11:28:44 +0300] "GET /auth.html HTTP/1.1" 304 -
::1 - - [11/Dec/2025:11:28:55 +0300] "POST /check.php HTTP/1.1" 302 -
::1 - - [11/Dec/2025:11:28:55 +0300] "GET /profile.php HTTP/1.1" 200 12
::1 - - [11/Dec/2025:11:29:01 +0300] "GET /profile.php HTTP/1.1" 200 12
::1 - - [11/Dec/2025:11:29:16 +0300] "GET /index.php HTTP/1.1" 302 -
::1 - - [11/Dec/2025:11:29:16 +0300] "GET /profile.php HTTP/1.1" 200 12
::1 - - [11/Dec/2025:11:30:16 +0300] "-" 408 -
::1 - - [11/Dec/2025:11:34:43 +0300] "GET / HTTP/1.1" 302 -
::1 - - [11/Dec/2025:11:34:43 +0300] "GET /profile.php HTTP/1.1" 200 252
::1 - - [11/Dec/2025:11:34:53 +0300] "POST / HTTP/1.1" 302 -
::1 - - [11/Dec/2025:11:34:53 +0300] "GET /profile.php HTTP/1.1" 200 252
::1 - - [11/Dec/2025:11:34:57 +0300] "POST / HTTP/1.1" 302 -
::1 - - [11/Dec/2025:11:34:57 +0300] "GET /profile.php HTTP/1.1" 200 252
::1 - - [11/Dec/2025:11:34:58 +0300] "GET /profile.php HTTP/1.1" 200 252
::1 - - [11/Dec/2025:11:34:59 +0300] "GET /profile.php HTTP/1.1" 200 252
::1 - - [11/Dec/2025:11:35:24 +0300] "GET /profile.php HTTP/1.1" 200 126
::1 - - [11/Dec/2025:11:35:27 +0300] "POST / HTTP/1.1" 302 -
::1 - - [11/Dec/2025:11:35:27 +0300] "GET /profile.php HTTP/1.1" 200 126
::1 - - [11/Dec/2025:11:35:28 +0300] "POST / HTTP/1.1" 302 -
::1 - - [11/Dec/2025:11:35:28 +0300] "GET /profile.php HTTP/1.1" 200 126
::1 - - [11/Dec/2025:11:35:28 +0300] "POST / HTTP/1.1" 302 -
::1 - - [11/Dec/2025:11:35:28 +0300] "GET /profile.php HTTP/1.1" 200 126
::1 - - [11/Dec/2025:11:35:29 +0300] "POST / HTTP/1.1" 302 -
::1 - - [11/Dec/2025:11:35:29 +0300] "GET /profile.php HTTP/1.1" 200 126
::1 - - [11/Dec/2025:11:35:29 +0300] "POST / HTTP/1.1" 302 -
::1 - - [11/Dec/2025:11:35:29 +0300] "GET /profile.php HTTP/1.1" 200 126
::1 - - [11/Dec/2025:11:35:29 +0300] "POST / HTTP/1.1" 302 -
::1 - - [11/Dec/2025:11:35:29 +0300] "GET /profile.php HTTP/1.1" 200 126
::1 - - [11/Dec/2025:11:35:30 +0300] "POST / HTTP/1.1" 302 -
::1 - - [11/Dec/2025:11:35:30 +0300] "GET /profile.php HTTP/1.1" 200 126
::1 - - [11/Dec/2025:11:35:30 +0300] "POST / HTTP/1.1" 302 -
::1 - - [11/Dec/2025:11:35:30 +0300] "GET /profile.php HTTP/1.1" 200 126
::1 - - [11/Dec/2025:11:35:30 +0300] "POST / HTTP/1.1" 302 -
::1 - - [11/Dec/2025:11:35:30 +0300] "GET /profile.php HTTP/1.1" 200 126
::1 - - [11/Dec/2025:11:35:31 +0300] "POST / HTTP/1.1" 302 -
::1 - - [11/Dec/2025:11:35:31 +0300] "GET /profile.php HTTP/1.1" 200 126
::1 - - [11/Dec/2025:11:35:31 +0300] "POST / HTTP/1.1" 302 -
::1 - - [11/Dec/2025:11:35:31 +0300] "GET /profile.php HTTP/1.1" 200 126
::1 - - [11/Dec/2025:11:35:31 +0300] "POST / HTTP/1.1" 302 -
::1 - - [11/Dec/2025:11:35:31 +0300] "GET /profile.php HTTP/1.1" 200 126
::1 - - [11/Dec/2025:11:35:32 +0300] "POST / HTTP/1.1" 302 -
::1 - - [11/Dec/2025:11:35:32 +0300] "GET /profile.php HTTP/1.1" 200 126
::1 - - [11/Dec/2025:11:35:33 +0300] "POST / HTTP/1.1" 302 -
::1 - - [11/Dec/2025:11:35:33 +0300] "GET /profile.php HTTP/1.1" 200 126
::1 - - [11/Dec/2025:11:35:33 +0300] "POST / HTTP/1.1" 302 -
::1 - - [11/Dec/2025:11:35:33 +0300] "GET /profile.php HTTP/1.1" 200 126
::1 - - [11/Dec/2025:11:35:34 +0300] "POST / HTTP/1.1" 302 -
::1 - - [11/Dec/2025:11:35:34 +0300] "GET /profile.php HTTP/1.1" 200 126
::1 - - [11/Dec/2025:11:35:34 +0300] "POST / HTTP/1.1" 302 -
::1 - - [11/Dec/2025:11:35:34 +0300] "GET /profile.php HTTP/1.1" 200 126
::1 - - [11/Dec/2025:11:35:35 +0300] "POST / HTTP/1.1" 302 -
::1 - - [11/Dec/2025:11:35:35 +0300] "GET /profile.php HTTP/1.1" 200 126
::1 - - [11/Dec/2025:11:36:24 +0300] "-" 408 -
::1 - - [11/Dec/2025:11:37:36 +0300] "GET /profile.php HTTP/1.1" 200 126
::1 - - [11/Dec/2025:11:37:38 +0300] "POST / HTTP/1.1" 302 -
::1 - - [11/Dec/2025:11:37:38 +0300] "GET /profile.php HTTP/1.1" 200 126
::1 - - [11/Dec/2025:11:37:39 +0300] "POST / HTTP/1.1" 302 -
::1 - - [11/Dec/2025:11:37:39 +0300] "GET /profile.php HTTP/1.1" 200 126
::1 - - [11/Dec/2025:11:37:39 +0300] "POST / HTTP/1.1" 302 -
::1 - - [11/Dec/2025:11:37:39 +0300] "GET /profile.php HTTP/1.1" 200 126
::1 - - [11/Dec/2025:11:37:39 +0300] "POST / HTTP/1.1" 302 -
::1 - - [11/Dec/2025:11:37:39 +0300] "GET /profile.php HTTP/1.1" 200 126
::1 - - [11/Dec/2025:11:37:39 +0300] "POST / HTTP/1.1" 302 -
::1 - - [11/Dec/2025:11:37:39 +0300] "GET /profile.php HTTP/1.1" 200 126
::1 - - [11/Dec/2025:11:37:40 +0300] "POST / HTTP/1.1" 302 -
::1 - - [11/Dec/2025:11:37:40 +0300] "GET /profile.php HTTP/1.1" 200 126
::1 - - [11/Dec/2025:11:38:36 +0300] "-" 408 -
::1 - - [11/Dec/2025:11:38:38 +0300] "GET /profile.php HTTP/1.1" 200 126
::1 - - [11/Dec/2025:11:38:39 +0300] "POST / HTTP/1.1" 302 -
::1 - - [11/Dec/2025:11:38:39 +0300] "GET /profile.php HTTP/1.1" 200 126
::1 - - [11/Dec/2025:11:38:40 +0300] "POST / HTTP/1.1" 302 -
::1 - - [11/Dec/2025:11:38:40 +0300] "GET /profile.php HTTP/1.1" 200 126
::1 - - [11/Dec/2025:11:38:40 +0300] "POST / HTTP/1.1" 302 -
::1 - - [11/Dec/2025:11:38:40 +0300] "GET /profile.php HTTP/1.1" 200 126
::1 - - [11/Dec/2025:11:38:40 +0300] "POST / HTTP/1.1" 302 -
::1 - - [11/Dec/2025:11:38:40 +0300] "GET /profile.php HTTP/1.1" 200 126
::1 - - [11/Dec/2025:11:38:45 +0300] "GET /profile.php HTTP/1.1" 200 126
::1 - - [11/Dec/2025:11:38:45 +0300] "GET /profile.php HTTP/1.1" 200 126
::1 - - [11/Dec/2025:11:38:46 +0300] "GET /profile.php HTTP/1.1" 200 126
::1 - - [11/Dec/2025:11:38:46 +0300] "GET /profile.php HTTP/1.1" 200 126
::1 - - [11/Dec/2025:11:38:56 +0300] "GET /profile.php HTTP/1.1" 200 126
::1 - - [11/Dec/2025:11:38:57 +0300] "POST / HTTP/1.1" 302 -
::1 - - [11/Dec/2025:11:38:57 +0300] "GET /profile.php HTTP/1.1" 200 126
::1 - - [11/Dec/2025:11:38:58 +0300] "POST / HTTP/1.1" 302 -
::1 - - [11/Dec/2025:11:38:58 +0300] "GET /profile.php HTTP/1.1" 200 126
::1 - - [11/Dec/2025:11:38:58 +0300] "POST / HTTP/1.1" 302 -
::1 - - [11/Dec/2025:11:38:58 +0300] "GET /profile.php HTTP/1.1" 200 126
::1 - - [11/Dec/2025:11:38:58 +0300] "POST / HTTP/1.1" 302 -
::1 - - [11/Dec/2025:11:38:58 +0300] "GET /profile.php HTTP/1.1" 200 126
::1 - - [11/Dec/2025:11:38:58 +0300] "POST / HTTP/1.1" 302 -
::1 - - [11/Dec/2025:11:38:58 +0300] "GET /profile.php HTTP/1.1" 200 126
::1 - - [11/Dec/2025:11:39:57 +0300] "-" 408 -
::1 - - [11/Dec/2025:11:41:08 +0300] "GET /profile.php HTTP/1.1" 200 35
::1 - - [11/Dec/2025:11:42:08 +0300] "-" 408 -
::1 - - [11/Dec/2025:11:42:20 +0300] "GET /profile.php HTTP/1.1" 200 35
::1 - - [11/Dec/2025:11:42:29 +0300] "GET /profile.php HTTP/1.1" 200 149
::1 - - [11/Dec/2025:11:42:30 +0300] "POST / HTTP/1.1" 302 -
::1 - - [11/Dec/2025:11:42:30 +0300] "GET /auth.html HTTP/1.1" 304 -
::1 - - [11/Dec/2025:11:42:41 +0300] "POST /check.php HTTP/1.1" 302 18
::1 - - [11/Dec/2025:11:42:41 +0300] "GET /profile.php HTTP/1.1" 200 149
::1 - - [11/Dec/2025:11:42:45 +0300] "POST / HTTP/1.1" 302 -
::1 - - [11/Dec/2025:11:42:45 +0300] "GET /auth.html HTTP/1.1" 304 -
::1 - - [11/Dec/2025:11:42:48 +0300] "POST /check.php HTTP/1.1" 200 47
::1 - - [11/Dec/2025:11:43:01 +0300] "POST /check.php HTTP/1.1" 302 18
::1 - - [11/Dec/2025:11:43:01 +0300] "GET /profile.php HTTP/1.1" 200 149
::1 - - [11/Dec/2025:11:43:38 +0300] "GET /profile.php HTTP/1.1" 200 138
::1 - - [11/Dec/2025:11:43:41 +0300] "GET /profile.php HTTP/1.1" 200 138
::1 - - [11/Dec/2025:11:44:03 +0300] "GET /profile.php HTTP/1.1" 200 114
::1 - - [11/Dec/2025:11:44:04 +0300] "GET /profile.php HTTP/1.1" 200 114
::1 - - [11/Dec/2025:11:44:06 +0300] "POST / HTTP/1.1" 302 -
::1 - - [11/Dec/2025:11:44:06 +0300] "GET /auth.html HTTP/1.1" 304 -
::1 - - [11/Dec/2025:11:44:13 +0300] "POST /check.php HTTP/1.1" 302 18
::1 - - [11/Dec/2025:11:44:13 +0300] "GET /profile.php HTTP/1.1" 200 126
::1 - - [11/Dec/2025:11:44:15 +0300] "POST / HTTP/1.1" 302 -
::1 - - [11/Dec/2025:11:44:15 +0300] "GET /profile.php HTTP/1.1" 200 126
::1 - - [11/Dec/2025:11:44:16 +0300] "POST / HTTP/1.1" 302 -
::1 - - [11/Dec/2025:11:44:16 +0300] "GET /profile.php HTTP/1.1" 200 126
::1 - - [11/Dec/2025:11:44:16 +0300] "POST / HTTP/1.1" 302 -
::1 - - [11/Dec/2025:11:44:16 +0300] "GET /profile.php HTTP/1.1" 200 126
::1 - - [11/Dec/2025:11:44:16 +0300] "POST / HTTP/1.1" 302 -
::1 - - [11/Dec/2025:11:44:16 +0300] "GET /profile.php HTTP/1.1" 200 126
::1 - - [11/Dec/2025:11:44:17 +0300] "POST / HTTP/1.1" 302 -
::1 - - [11/Dec/2025:11:44:17 +0300] "GET /profile.php HTTP/1.1" 200 126
::1 - - [11/Dec/2025:11:44:17 +0300] "POST / HTTP/1.1" 302 -
::1 - - [11/Dec/2025:11:44:17 +0300] "GET /profile.php HTTP/1.1" 200 126
::1 - - [11/Dec/2025:11:44:18 +0300] "POST / HTTP/1.1" 302 -
::1 - - [11/Dec/2025:11:44:18 +0300] "GET /profile.php HTTP/1.1" 200 126
::1 - - [11/Dec/2025:11:44:18 +0300] "POST / HTTP/1.1" 302 -
::1 - - [11/Dec/2025:11:44:18 +0300] "GET /profile.php HTTP/1.1" 200 126
::1 - - [11/Dec/2025:11:44:42 +0300] "POST / HTTP/1.1" 302 -
::1 - - [11/Dec/2025:11:44:42 +0300] "GET /profile.php HTTP/1.1" 200 126
::1 - - [11/Dec/2025:11:44:42 +0300] "POST / HTTP/1.1" 302 -
::1 - - [11/Dec/2025:11:44:42 +0300] "GET /profile.php HTTP/1.1" 200 126
::1 - - [11/Dec/2025:11:44:42 +0300] "POST / HTTP/1.1" 302 -
::1 - - [11/Dec/2025:11:44:42 +0300] "GET /profile.php HTTP/1.1" 200 126
::1 - - [11/Dec/2025:11:44:43 +0300] "POST / HTTP/1.1" 302 -
::1 - - [11/Dec/2025:11:44:43 +0300] "GET /profile.php HTTP/1.1" 200 126
::1 - - [11/Dec/2025:11:44:43 +0300] "POST / HTTP/1.1" 302 -
::1 - - [11/Dec/2025:11:44:43 +0300] "GET /profile.php HTTP/1.1" 200 126
::1 - - [11/Dec/2025:11:44:43 +0300] "POST / HTTP/1.1" 302 -
::1 - - [11/Dec/2025:11:44:43 +0300] "GET /profile.php HTTP/1.1" 200 126
::1 - - [11/Dec/2025:11:45:42 +0300] "-" 408 -
